<?xml version="1.0" encoding="UTF-8"?>
<!-- Generated by org.testng.reporters.JUnitXMLReporter -->
<testsuite ignored="0" hostname="DESKTOP-C92595F" failures="0" tests="1" name="Test" time="19.073" errors="0" timestamp="2023-09-17T10:31:58 IST">
  <testcase classname="Utilities.BaseTest" name="@AfterClass tearDown" time="0.073">
    <failure type="org.openqa.selenium.UnhandledAlertException" message="unexpected alert open: {Alert text : Thank You !!}
  (Session info: MicrosoftEdge=116.0.1938.81): Thank You !!
Build info: version: &amp;apos;4.7.2&amp;apos;, revision: &amp;apos;4d4020c3b7&amp;apos;
System info: os.name: &amp;apos;Windows 11&amp;apos;, os.arch: &amp;apos;amd64&amp;apos;, os.version: &amp;apos;10.0&amp;apos;, java.version: &amp;apos;17.0.7&amp;apos;
Driver info: org.openqa.selenium.edge.EdgeDriver
Command: [cfc034944252366d29e54495b2a3b90b, close {}]
Capabilities {acceptInsecureCerts: false, browserName: msedge, browserVersion: 116.0.1938.81, fedcm:accounts: true, ms:edgeOptions: {debuggerAddress: localhost:62353}, msedge: {msedgedriverVersion: 116.0.1938.81 (bc0eb28b55bd..., userDataDir: C:\Users\Amaze\AppData\Loca...}, networkConnectionEnabled: false, pageLoadStrategy: normal, platformName: WINDOWS, proxy: Proxy(), se:cdp: ws://localhost:62353/devtoo..., se:cdpVersion: 116.0.1938.81, setWindowRect: true, strictFileInteractability: false, timeouts: {implicit: 0, pageLoad: 300000, script: 30000}, unhandledPromptBehavior: dismiss and notify, webauthn:extension:credBlob: true, webauthn:extension:largeBlob: true, webauthn:extension:minPinLength: true, webauthn:extension:prf: true, webauthn:virtualAuthenticators: true}
Session ID: cfc034944252366d29e54495b2a3b90b">
      <![CDATA[org.openqa.selenium.UnhandledAlertException: unexpected alert open: {Alert text : Thank You !!}
  (Session info: MicrosoftEdge=116.0.1938.81): Thank You !!
Build info: version: '4.7.2', revision: '4d4020c3b7'
System info: os.name: 'Windows 11', os.arch: 'amd64', os.version: '10.0', java.version: '17.0.7'
Driver info: org.openqa.selenium.edge.EdgeDriver
Command: [cfc034944252366d29e54495b2a3b90b, close {}]
Capabilities {acceptInsecureCerts: false, browserName: msedge, browserVersion: 116.0.1938.81, fedcm:accounts: true, ms:edgeOptions: {debuggerAddress: localhost:62353}, msedge: {msedgedriverVersion: 116.0.1938.81 (bc0eb28b55bd..., userDataDir: C:\Users\Amaze\AppData\Loca...}, networkConnectionEnabled: false, pageLoadStrategy: normal, platformName: WINDOWS, proxy: Proxy(), se:cdp: ws://localhost:62353/devtoo..., se:cdpVersion: 116.0.1938.81, setWindowRect: true, strictFileInteractability: false, timeouts: {implicit: 0, pageLoad: 300000, script: 30000}, unhandledPromptBehavior: dismiss and notify, webauthn:extension:credBlob: true, webauthn:extension:largeBlob: true, webauthn:extension:minPinLength: true, webauthn:extension:prf: true, webauthn:virtualAuthenticators: true}
Session ID: cfc034944252366d29e54495b2a3b90b
at org.openqa.selenium.remote.codec.w3c.W3CHttpResponseCodec.decode(W3CHttpResponseCodec.java:131)
at org.openqa.selenium.remote.codec.w3c.W3CHttpResponseCodec.decode(W3CHttpResponseCodec.java:53)
at org.openqa.selenium.remote.HttpCommandExecutor.execute(HttpCommandExecutor.java:184)
at org.openqa.selenium.remote.service.DriverCommandExecutor.invokeExecute(DriverCommandExecutor.java:167)
at org.openqa.selenium.remote.service.DriverCommandExecutor.execute(DriverCommandExecutor.java:142)
at org.openqa.selenium.remote.RemoteWebDriver.execute(RemoteWebDriver.java:535)
at org.openqa.selenium.remote.RemoteWebDriver.execute(RemoteWebDriver.java:590)
at org.openqa.selenium.remote.RemoteWebDriver.execute(RemoteWebDriver.java:594)
at org.openqa.selenium.remote.RemoteWebDriver.close(RemoteWebDriver.java:418)
at Utilities.BaseTest.tearDown(BaseTest.java:70)
at java.base/java.util.ArrayList.forEach(ArrayList.java:1511)
... Removed 25 stack frames]]>
    </failure>
  </testcase> <!-- @AfterClass tearDown -->
  <testcase classname="testCases.TC_enquiryForm_001" name="FirstPage" time="6.912"/>
</testsuite> <!-- Test -->
