<?xml version="1.0" encoding="UTF-8"?>
<testng-results ignored="0" total="1" passed="1" failed="0" skipped="0">
  <reporter-output>
  </reporter-output>
  <suite started-at="2023-10-03T19:15:57 IST" name="Suite" finished-at="2023-10-03T19:16:18 IST" duration-ms="20806">
    <groups>
    </groups>
    <test started-at="2023-10-03T19:15:57 IST" name="Test" finished-at="2023-10-03T19:16:18 IST" duration-ms="20806">
      <class name="testCases.TC_newapplication_006">
        <test-method is-config="true" signature="launchApplication()[pri:0, instance:testCases.TC_newapplication_006@676cf48]" started-at="2023-10-03T19:15:57 IST" name="launchApplication" finished-at="2023-10-03T19:16:07 IST" duration-ms="10418" status="PASS">
          <reporter-output>
          </reporter-output>
        </test-method> <!-- launchApplication -->
        <test-method signature="risuuepa()[pri:0, instance:testCases.TC_newapplication_006@676cf48]" started-at="2023-10-03T19:16:07 IST" name="risuuepa" finished-at="2023-10-03T19:16:17 IST" duration-ms="9877" status="PASS">
          <reporter-output>
          </reporter-output>
        </test-method> <!-- risuuepa -->
        <test-method is-config="true" signature="tearDown()[pri:0, instance:testCases.TC_newapplication_006@676cf48]" started-at="2023-10-03T19:16:17 IST" name="tearDown" finished-at="2023-10-03T19:16:18 IST" duration-ms="369" status="PASS">
          <reporter-output>
          </reporter-output>
        </test-method> <!-- tearDown -->
      </class> <!-- testCases.TC_newapplication_006 -->
    </test> <!-- Test -->
  </suite> <!-- Suite -->
</testng-results>
