<?xml version="1.0" encoding="UTF-8"?>
<testng-results ignored="0" total="1" passed="1" failed="0" skipped="0">
  <reporter-output>
  </reporter-output>
  <suite started-at="2023-10-06T20:09:57 IST" name="Suite" finished-at="2023-10-06T20:10:29 IST" duration-ms="31925">
    <groups>
    </groups>
    <test started-at="2023-10-06T20:09:57 IST" name="Test" finished-at="2023-10-06T20:10:29 IST" duration-ms="31925">
      <class name="testCases.Vaibhavi_TC_Enquiryform">
        <test-method is-config="true" signature="launchApplication()[pri:0, instance:testCases.Vaibhavi_TC_Enquiryform@42039326]" started-at="2023-10-06T20:09:57 IST" name="launchApplication" finished-at="2023-10-06T20:10:16 IST" duration-ms="18265" status="PASS">
          <reporter-output>
          </reporter-output>
        </test-method> <!-- launchApplication -->
        <test-method signature="FirstTest()[pri:0, instance:testCases.Vaibhavi_TC_Enquiryform@42039326]" started-at="2023-10-06T20:10:16 IST" name="FirstTest" finished-at="2023-10-06T20:10:24 IST" duration-ms="8425" status="PASS">
          <reporter-output>
          </reporter-output>
        </test-method> <!-- FirstTest -->
        <test-method is-config="true" signature="tearDown()[pri:0, instance:testCases.Vaibhavi_TC_Enquiryform@42039326]" started-at="2023-10-06T20:10:24 IST" name="tearDown" finished-at="2023-10-06T20:10:29 IST" duration-ms="5152" status="PASS">
          <reporter-output>
          </reporter-output>
        </test-method> <!-- tearDown -->
      </class> <!-- testCases.Vaibhavi_TC_Enquiryform -->
    </test> <!-- Test -->
  </suite> <!-- Suite -->
</testng-results>
